TN:
SF:src\core.js
FN:4,reactive
FN:9,(anonymous_1)
FN:16,(anonymous_2)
FN:25,(anonymous_3)
FN:31,(anonymous_4)
FN:46,effect
FNF:6
FNH:6
FNDA:11,reactive
FNDA:31,(anonymous_1)
FNDA:7,(anonymous_2)
FNDA:4,(anonymous_3)
FNDA:3,(anonymous_4)
FNDA:9,effect
DA:1,1
DA:2,1
DA:3,1
DA:5,11
DA:6,2
DA:8,9
DA:10,31
DA:11,31
DA:12,3
DA:14,28
DA:17,7
DA:18,7
DA:19,6
DA:20,9
DA:23,7
DA:26,4
DA:27,3
DA:29,4
DA:32,3
DA:33,3
DA:34,3
DA:35,3
DA:37,3
DA:40,3
DA:43,9
DA:44,9
DA:47,9
DA:48,9
DA:49,143
DA:50,143
DA:51,8
DA:53,143
DA:54,9
DA:56,143
LF:34
LH:34
BRDA:5,0,0,2
BRDA:5,0,1,9
BRDA:11,1,0,3
BRDA:11,1,1,28
BRDA:14,2,0,27
BRDA:14,2,1,1
BRDA:18,3,0,6
BRDA:18,3,1,1
BRDA:18,4,0,7
BRDA:18,4,1,6
BRDA:26,5,0,3
BRDA:26,5,1,1
BRDA:26,6,0,4
BRDA:26,6,1,3
BRDA:32,7,0,3
BRDA:32,7,1,0
BRDA:32,8,0,3
BRDA:32,8,1,3
BRDA:34,9,0,3
BRDA:34,9,1,0
BRDA:50,10,0,8
BRDA:50,10,1,135
BRDA:53,11,0,9
BRDA:53,11,1,134
BRF:24
BRH:22
end_of_record
