TN:
SF:src\core.js
FN:6,(anonymous_0)
FN:9,updated
FN:16,isSymbol
FN:19,track
FN:35,reactive
FN:40,(anonymous_5)
FN:56,(anonymous_6)
FN:60,(anonymous_7)
FN:63,(anonymous_8)
FN:68,(anonymous_9)
FN:77,effect
FN:78,activeHandler
FN:90,(anonymous_12)
FNF:13
FNH:13
FNDA:18,(anonymous_0)
FNDA:12,updated
FNDA:38,isSymbol
FNDA:19,track
FNDA:22,reactive
FNDA:21,(anonymous_5)
FNDA:16,(anonymous_6)
FNDA:1,(anonymous_7)
FNDA:7,(anonymous_8)
FNDA:5,(anonymous_9)
FNDA:20,effect
FNDA:32,activeHandler
FNDA:3,(anonymous_12)
DA:1,1
DA:3,1
DA:4,1
DA:6,18
DA:10,12
DA:11,10
DA:12,12
DA:17,38
DA:20,19
DA:21,0
DA:23,19
DA:24,19
DA:25,5
DA:27,19
DA:28,19
DA:29,5
DA:31,19
DA:32,6
DA:36,22
DA:37,0
DA:39,22
DA:41,21
DA:43,20
DA:48,3
DA:50,3
DA:51,3
DA:52,0
DA:54,3
DA:57,16
DA:58,16
DA:61,1
DA:64,7
DA:65,7
DA:66,7
DA:69,5
DA:70,5
DA:71,5
DA:74,22
DA:75,22
DA:79,32
DA:80,32
DA:81,19
DA:83,20
DA:89,1
DA:90,3
DA:91,1
DA:92,1
DA:93,1
DA:94,1
DA:95,1
LF:50
LH:47
BRDA:10,0,0,10
BRDA:10,0,1,2
BRDA:10,1,0,12
BRDA:10,1,1,10
BRDA:20,2,0,0
BRDA:20,2,1,19
BRDA:24,3,0,5
BRDA:24,3,1,14
BRDA:28,4,0,5
BRDA:28,4,1,14
BRDA:31,5,0,6
BRDA:31,5,1,13
BRDA:36,6,0,0
BRDA:36,6,1,22
BRDA:43,7,0,3
BRDA:43,7,1,3
BRDA:44,8,0,6
BRDA:44,8,1,14
BRDA:46,9,0,14
BRDA:46,9,1,0
BRDA:51,10,0,0
BRDA:51,10,1,3
BRF:22
BRH:18
end_of_record
